d:\vs_projects\snake\snake\debug\snake.pch
d:\vs_projects\snake\snake\debug\vc140.pdb
d:\vs_projects\snake\snake\debug\vc140.idb
d:\vs_projects\snake\snake\debug\stdafx.obj
d:\vs_projects\snake\snake\debug\my_snake.obj
d:\vs_projects\snake\snake\debug\snake.obj
d:\vs_projects\snake\snake\debug\snakedlg.obj
d:\vs_projects\snake\snake\debug\snake_info.obj
d:\vs_projects\snake\snake\debug\snake_options.obj
d:\vs_projects\snake\debug\snake.ilk
d:\vs_projects\snake\debug\snake.exe
d:\vs_projects\snake\debug\snake.pdb
d:\vs_projects\snake\snake\debug\snake.res
d:\vs_projects\snake\snake\debug\snake.tlog\cl.command.1.tlog
d:\vs_projects\snake\snake\debug\snake.tlog\cl.read.1.tlog
d:\vs_projects\snake\snake\debug\snake.tlog\cl.write.1.tlog
d:\vs_projects\snake\snake\debug\snake.tlog\link.command.1.tlog
d:\vs_projects\snake\snake\debug\snake.tlog\link.read.1.tlog
d:\vs_projects\snake\snake\debug\snake.tlog\link.write.1.tlog
d:\vs_projects\snake\snake\debug\snake.tlog\rc.command.1.tlog
d:\vs_projects\snake\snake\debug\snake.tlog\rc.read.1.tlog
d:\vs_projects\snake\snake\debug\snake.tlog\rc.write.1.tlog
